# JRE version: OpenJDK Runtime Environment (11.0.10) (build 11.0.10+0-b96-7249189)
# Java VM: OpenJDK 64-Bit Server VM (11.0.10+0-b96-7249189, mixed mode, tiered, compressed oops, g1 gc, windows-amd64)
Heap:
 garbage-first heap   total 98304K, used 50212K [0x00000000a0000000, 0x0000000100000000)
  region size 1024K, 19 young (19456K), 5 survivors (5120K)
 Metaspace       used 48239K, capacity 49586K, committed 49664K, reserved 1091584K
  class space    used 6153K, capacity 6611K, committed 6656K, reserved 1048576K
GC Heap History (20 events):
Event: 0.880 GC heap before
{Heap before GC invocations=0 (full 0):
 garbage-first heap   total 98304K, used 29696K [0x00000000a0000000, 0x0000000100000000)
  region size 1024K, 24 young (24576K), 0 survivors (0K)
 Metaspace       used 10239K, capacity 10495K, committed 10624K, reserved 1058816K
  class space    used 1071K, capacity 1141K, committed 1152K, reserved 1048576K
}
Event: 0.888 GC heap after
{Heap after GC invocations=1 (full 0):
 garbage-first heap   total 98304K, used 9675K [0x00000000a0000000, 0x0000000100000000)
  region size 1024K, 3 young (3072K), 3 survivors (3072K)
 Metaspace       used 10239K, capacity 10495K, committed 10624K, reserved 1058816K
  class space    used 1071K, capacity 1141K, committed 1152K, reserved 1048576K
}
Event: 1.984 GC heap before
{Heap before GC invocations=1 (full 0):
 garbage-first heap   total 98304K, used 64971K [0x00000000a0000000, 0x0000000100000000)
  region size 1024K, 57 young (58368K), 3 survivors (3072K)
 Metaspace       used 13969K, capacity 14275K, committed 14464K, reserved 1062912K
  class space    used 1560K, capacity 1656K, committed 1664K, reserved 1048576K
}
Event: 1.993 GC heap after
{Heap after GC invocations=2 (full 0):
 garbage-first heap   total 98304K, used 15360K [0x00000000a0000000, 0x0000000100000000)
  region size 1024K, 8 young (8192K), 8 survivors (8192K)
 Metaspace       used 13969K, capacity 14275K, committed 14464K, reserved 1062912K
  class space    used 1560K, capacity 1656K, committed 1664K, reserved 1048576K
}
Event: 3.380 GC heap before
{Heap before GC invocations=2 (full 0):
 garbage-first heap   total 98304K, used 55296K [0x00000000a0000000, 0x0000000100000000)
  region size 1024K, 48 young (49152K), 8 survivors (8192K)
 Metaspace       used 20610K, capacity 21068K, committed 21248K, reserved 1067008K
  class space    used 2515K, capacity 2692K, committed 2816K, reserved 1048576K
}
Event: 3.389 GC heap after
{Heap after GC invocations=3 (full 0):
 garbage-first heap   total 98304K, used 17627K [0x00000000a0000000, 0x0000000100000000)
  region size 1024K, 3 young (3072K), 3 survivors (3072K)
 Metaspace       used 20610K, capacity 21068K, committed 21248K, reserved 1067008K
  class space    used 2515K, capacity 2692K, committed 2816K, reserved 1048576K
}
Event: 4.871 GC heap before
{Heap before GC invocations=4 (full 0):
 garbage-first heap   total 98304K, used 62683K [0x00000000a0000000, 0x0000000100000000)
  region size 1024K, 47 young (48128K), 3 survivors (3072K)
 Metaspace       used 25306K, capacity 25848K, committed 26112K, reserved 1071104K
  class space    used 3234K, capacity 3457K, committed 3584K, reserved 1048576K
}
Event: 4.875 GC heap after
{Heap after GC invocations=5 (full 0):
 garbage-first heap   total 98304K, used 19282K [0x00000000a0000000, 0x0000000100000000)
  region size 1024K, 4 young (4096K), 4 survivors (4096K)
 Metaspace       used 25306K, capacity 25848K, committed 26112K, reserved 1071104K
  class space    used 3234K, capacity 3457K, committed 3584K, reserved 1048576K
}
Event: 5.947 GC heap before
{Heap before GC invocations=5 (full 0):
 garbage-first heap   total 98304K, used 66386K [0x00000000a0000000, 0x0000000100000000)
  region size 1024K, 50 young (51200K), 4 survivors (4096K)
 Metaspace       used 29897K, capacity 30608K, committed 30720K, reserved 1075200K
  class space    used 3983K, capacity 4242K, committed 4352K, reserved 1048576K
}
Event: 5.952 GC heap after
{Heap after GC invocations=6 (full 0):
 garbage-first heap   total 98304K, used 20794K [0x00000000a0000000, 0x0000000100000000)
  region size 1024K, 4 young (4096K), 4 survivors (4096K)
 Metaspace       used 29897K, capacity 30608K, committed 30720K, reserved 1075200K
  class space    used 3983K, capacity 4242K, committed 4352K, reserved 1048576K
}
Event: 7.025 GC heap before
{Heap before GC invocations=6 (full 0):
 garbage-first heap   total 98304K, used 39226K [0x00000000a0000000, 0x0000000100000000)
  region size 1024K, 23 young (23552K), 4 survivors (4096K)
 Metaspace       used 34978K, capacity 35801K, committed 35840K, reserved 1081344K
  class space    used 4522K, capacity 4825K, committed 4864K, reserved 1048576K
}
Event: 7.035 GC heap after
{Heap after GC invocations=7 (full 0):
 garbage-first heap   total 98304K, used 22941K [0x00000000a0000000, 0x0000000100000000)
  region size 1024K, 6 young (6144K), 6 survivors (6144K)
 Metaspace       used 34978K, capacity 35801K, committed 35840K, reserved 1081344K
  class space    used 4522K, capacity 4825K, committed 4864K, reserved 1048576K
}
Event: 8.320 GC heap before
{Heap before GC invocations=8 (full 0):
 garbage-first heap   total 98304K, used 72093K [0x00000000a0000000, 0x0000000100000000)
  region size 1024K, 52 young (53248K), 6 survivors (6144K)
 Metaspace       used 39374K, capacity 40293K, committed 40448K, reserved 1085440K
  class space    used 4991K, capacity 5313K, committed 5376K, reserved 1048576K
}
Event: 8.329 GC heap after
{Heap after GC invocations=9 (full 0):
 garbage-first heap   total 98304K, used 27032K [0x00000000a0000000, 0x0000000100000000)
  region size 1024K, 7 young (7168K), 7 survivors (7168K)
 Metaspace       used 39374K, capacity 40293K, committed 40448K, reserved 1085440K
  class space    used 4991K, capacity 5313K, committed 5376K, reserved 1048576K
}
Event: 9.069 GC heap before
{Heap before GC invocations=9 (full 0):
 garbage-first heap   total 98304K, used 72088K [0x00000000a0000000, 0x0000000100000000)
  region size 1024K, 51 young (52224K), 7 survivors (7168K)
 Metaspace       used 42495K, capacity 43559K, committed 43776K, reserved 1087488K
  class space    used 5475K, capacity 5845K, committed 5888K, reserved 1048576K
}
Event: 9.075 GC heap after
{Heap after GC invocations=10 (full 0):
 garbage-first heap   total 98304K, used 29001K [0x00000000a0000000, 0x0000000100000000)
  region size 1024K, 3 young (3072K), 3 survivors (3072K)
 Metaspace       used 42495K, capacity 43559K, committed 43776K, reserved 1087488K
  class space    used 5475K, capacity 5845K, committed 5888K, reserved 1048576K
}
Event: 9.788 GC heap before
{Heap before GC invocations=10 (full 0):
 garbage-first heap   total 98304K, used 74057K [0x00000000a0000000, 0x0000000100000000)
  region size 1024K, 47 young (48128K), 3 survivors (3072K)
 Metaspace       used 45663K, capacity 46744K, committed 46976K, reserved 1089536K
  class space    used 5847K, capacity 6226K, committed 6272K, reserved 1048576K
}
Event: 9.793 GC heap after
{Heap after GC invocations=11 (full 0):
 garbage-first heap   total 98304K, used 30937K [0x00000000a0000000, 0x0000000100000000)
  region size 1024K, 5 young (5120K), 5 survivors (5120K)
 Metaspace       used 45663K, capacity 46744K, committed 46976K, reserved 1089536K
  class space    used 5847K, capacity 6226K, committed 6272K, reserved 1048576K
}
Event: 10.890 GC heap before
{Heap before GC invocations=11 (full 0):
 garbage-first heap   total 98304K, used 75993K [0x00000000a0000000, 0x0000000100000000)
  region size 1024K, 49 young (50176K), 5 survivors (5120K)
 Metaspace       used 47950K, capacity 49158K, committed 49408K, reserved 1091584K
  class space    used 6121K, capacity 6558K, committed 6656K, reserved 1048576K
}
Event: 10.897 GC heap after
{Heap after GC invocations=12 (full 0):
 garbage-first heap   total 98304K, used 32804K [0x00000000a0000000, 0x0000000100000000)
  region size 1024K, 5 young (5120K), 5 survivors (5120K)
 Metaspace       used 47950K, capacity 49158K, committed 49408K, reserved 1091584K
  class space    used 6121K, capacity 6558K, committed 6656K, reserved 1048576K
}

