# JRE version: OpenJDK Runtime Environment (11.0.10) (build 11.0.10+0-b96-7249189)
# Java VM: OpenJDK 64-Bit Server VM (11.0.10+0-b96-7249189, mixed mode, tiered, compressed oops, g1 gc, windows-amd64)
Heap:
 garbage-first heap   total 272384K, used 151980K [0x00000000a0000000, 0x0000000100000000)
  region size 1024K, 16 young (16384K), 11 survivors (11264K)
 Metaspace       used 102241K, capacity 106270K, committed 106496K, reserved 1140736K
  class space    used 12920K, capacity 14295K, committed 14336K, reserved 1048576K
GC Heap History (20 events):
Event: 1014.544 GC heap before
{Heap before GC invocations=72 (full 0):
 garbage-first heap   total 272384K, used 194704K [0x00000000a0000000, 0x0000000100000000)
  region size 1024K, 71 young (72704K), 2 survivors (2048K)
 Metaspace       used 98844K, capacity 102380K, committed 102784K, reserved 1138688K
  class space    used 12634K, capacity 13781K, committed 13952K, reserved 1048576K
}
Event: 1014.803 GC heap after
{Heap after GC invocations=73 (full 0):
 garbage-first heap   total 272384K, used 127377K [0x00000000a0000000, 0x0000000100000000)
  region size 1024K, 5 young (5120K), 5 survivors (5120K)
 Metaspace       used 98844K, capacity 102380K, committed 102784K, reserved 1138688K
  class space    used 12634K, capacity 13781K, committed 13952K, reserved 1048576K
}
Event: 3218.641 GC heap before
{Heap before GC invocations=74 (full 0):
 garbage-first heap   total 272384K, used 200081K [0x00000000a0000000, 0x0000000100000000)
  region size 1024K, 77 young (78848K), 5 survivors (5120K)
 Metaspace       used 99195K, capacity 102699K, committed 103040K, reserved 1138688K
  class space    used 12650K, capacity 13805K, committed 13952K, reserved 1048576K
}
Event: 3218.698 GC heap after
{Heap after GC invocations=75 (full 0):
 garbage-first heap   total 272384K, used 130871K [0x00000000a0000000, 0x0000000100000000)
  region size 1024K, 8 young (8192K), 8 survivors (8192K)
 Metaspace       used 99195K, capacity 102699K, committed 103040K, reserved 1138688K
  class space    used 12650K, capacity 13805K, committed 13952K, reserved 1048576K
}
Event: 3220.053 GC heap before
{Heap before GC invocations=75 (full 0):
 garbage-first heap   total 272384K, used 209719K [0x00000000a0000000, 0x0000000100000000)
  region size 1024K, 86 young (88064K), 8 survivors (8192K)
 Metaspace       used 100213K, capacity 103845K, committed 104064K, reserved 1138688K
  class space    used 12747K, capacity 13939K, committed 13952K, reserved 1048576K
}
Event: 3220.149 GC heap after
{Heap after GC invocations=76 (full 0):
 garbage-first heap   total 272384K, used 138358K [0x00000000a0000000, 0x0000000100000000)
  region size 1024K, 11 young (11264K), 11 survivors (11264K)
 Metaspace       used 100213K, capacity 103845K, committed 104064K, reserved 1138688K
  class space    used 12747K, capacity 13939K, committed 13952K, reserved 1048576K
}
Event: 3823.390 GC heap before
{Heap before GC invocations=77 (full 0):
 garbage-first heap   total 272384K, used 215158K [0x00000000a0000000, 0x0000000100000000)
  region size 1024K, 86 young (88064K), 11 survivors (11264K)
 Metaspace       used 100133K, capacity 103632K, committed 104192K, reserved 1138688K
  class space    used 12691K, capacity 13848K, committed 14080K, reserved 1048576K
}
Event: 3823.531 GC heap after
{Heap after GC invocations=78 (full 0):
 garbage-first heap   total 272384K, used 133182K [0x00000000a0000000, 0x0000000100000000)
  region size 1024K, 5 young (5120K), 5 survivors (5120K)
 Metaspace       used 100133K, capacity 103632K, committed 104192K, reserved 1138688K
  class space    used 12691K, capacity 13848K, committed 14080K, reserved 1048576K
}
Event: 3823.845 GC heap before
{Heap before GC invocations=78 (full 0):
 garbage-first heap   total 272384K, used 141374K [0x00000000a0000000, 0x0000000100000000)
  region size 1024K, 13 young (13312K), 5 survivors (5120K)
 Metaspace       used 100199K, capacity 103726K, committed 104192K, reserved 1138688K
  class space    used 12696K, capacity 13856K, committed 14080K, reserved 1048576K
}
Event: 3824.021 GC heap after
{Heap after GC invocations=79 (full 0):
 garbage-first heap   total 272384K, used 112848K [0x00000000a0000000, 0x0000000100000000)
  region size 1024K, 2 young (2048K), 2 survivors (2048K)
 Metaspace       used 100199K, capacity 103726K, committed 104192K, reserved 1138688K
  class space    used 12696K, capacity 13856K, committed 14080K, reserved 1048576K
}
Event: 3824.548 GC heap before
{Heap before GC invocations=79 (full 0):
 garbage-first heap   total 272384K, used 124112K [0x00000000a0000000, 0x0000000100000000)
  region size 1024K, 13 young (13312K), 2 survivors (2048K)
 Metaspace       used 100269K, capacity 103751K, committed 104192K, reserved 1138688K
  class space    used 12699K, capacity 13862K, committed 14080K, reserved 1048576K
}
Event: 3824.707 GC heap after
{Heap after GC invocations=80 (full 0):
 garbage-first heap   total 272384K, used 107084K [0x00000000a0000000, 0x0000000100000000)
  region size 1024K, 2 young (2048K), 2 survivors (2048K)
 Metaspace       used 100269K, capacity 103751K, committed 104192K, reserved 1138688K
  class space    used 12699K, capacity 13862K, committed 14080K, reserved 1048576K
}
Event: 3824.991 GC heap before
{Heap before GC invocations=80 (full 0):
 garbage-first heap   total 272384K, used 117324K [0x00000000a0000000, 0x0000000100000000)
  region size 1024K, 13 young (13312K), 2 survivors (2048K)
 Metaspace       used 100358K, capacity 103893K, committed 104448K, reserved 1140736K
  class space    used 12710K, capacity 13882K, committed 14080K, reserved 1048576K
}
Event: 3825.029 GC heap after
{Heap after GC invocations=81 (full 0):
 garbage-first heap   total 272384K, used 107831K [0x00000000a0000000, 0x0000000100000000)
  region size 1024K, 2 young (2048K), 2 survivors (2048K)
 Metaspace       used 100358K, capacity 103893K, committed 104448K, reserved 1140736K
  class space    used 12710K, capacity 13882K, committed 14080K, reserved 1048576K
}
Event: 3913.857 GC heap before
{Heap before GC invocations=81 (full 0):
 garbage-first heap   total 272384K, used 201015K [0x00000000a0000000, 0x0000000100000000)
  region size 1024K, 94 young (96256K), 2 survivors (2048K)
 Metaspace       used 101276K, capacity 105029K, committed 105216K, reserved 1140736K
  class space    used 12804K, capacity 14049K, committed 14080K, reserved 1048576K
}
Event: 3913.928 GC heap after
{Heap after GC invocations=82 (full 0):
 garbage-first heap   total 272384K, used 121692K [0x00000000a0000000, 0x0000000100000000)
  region size 1024K, 12 young (12288K), 12 survivors (12288K)
 Metaspace       used 101276K, capacity 105029K, committed 105216K, reserved 1140736K
  class space    used 12804K, capacity 14049K, committed 14080K, reserved 1048576K
}
Event: 3921.207 GC heap before
{Heap before GC invocations=82 (full 0):
 garbage-first heap   total 272384K, used 207708K [0x00000000a0000000, 0x0000000100000000)
  region size 1024K, 97 young (99328K), 12 survivors (12288K)
 Metaspace       used 102029K, capacity 106019K, committed 106240K, reserved 1140736K
  class space    used 12913K, capacity 14282K, committed 14336K, reserved 1048576K
}
Event: 3921.411 GC heap after
{Heap after GC invocations=83 (full 0):
 garbage-first heap   total 272384K, used 135952K [0x00000000a0000000, 0x0000000100000000)
  region size 1024K, 13 young (13312K), 13 survivors (13312K)
 Metaspace       used 102029K, capacity 106019K, committed 106240K, reserved 1140736K
  class space    used 12913K, capacity 14282K, committed 14336K, reserved 1048576K
}
Event: 4121.408 GC heap before
{Heap before GC invocations=83 (full 0):
 garbage-first heap   total 272384K, used 211728K [0x00000000a0000000, 0x0000000100000000)
  region size 1024K, 88 young (90112K), 13 survivors (13312K)
 Metaspace       used 102228K, capacity 106264K, committed 106496K, reserved 1140736K
  class space    used 12920K, capacity 14294K, committed 14336K, reserved 1048576K
}
Event: 4121.662 GC heap after
{Heap after GC invocations=84 (full 0):
 garbage-first heap   total 272384K, used 147884K [0x00000000a0000000, 0x0000000100000000)
  region size 1024K, 11 young (11264K), 11 survivors (11264K)
 Metaspace       used 102228K, capacity 106264K, committed 106496K, reserved 1140736K
  class space    used 12920K, capacity 14294K, committed 14336K, reserved 1048576K
}

