# JRE version: OpenJDK Runtime Environment (11.0.10) (build 11.0.10+0-b96-7249189)
# Java VM: OpenJDK 64-Bit Server VM (11.0.10+0-b96-7249189, mixed mode, tiered, compressed oops, g1 gc, windows-amd64)
Heap:
 garbage-first heap   total 98304K, used 62314K [0x00000000a1e00000, 0x0000000100000000)
  region size 1024K, 40 young (40960K), 2 survivors (2048K)
 Metaspace       used 43293K, capacity 43753K, committed 43776K, reserved 1087488K
  class space    used 5193K, capacity 5370K, committed 5376K, reserved 1048576K
GC Heap History (8 events):
Event: 0.536 GC heap before
{Heap before GC invocations=0 (full 0):
 garbage-first heap   total 98304K, used 27648K [0x00000000a1e00000, 0x0000000100000000)
  region size 1024K, 24 young (24576K), 0 survivors (0K)
 Metaspace       used 12308K, capacity 12341K, committed 12544K, reserved 1060864K
  class space    used 1157K, capacity 1174K, committed 1280K, reserved 1048576K
}
Event: 0.541 GC heap after
{Heap after GC invocations=1 (full 0):
 garbage-first heap   total 98304K, used 5772K [0x00000000a1e00000, 0x0000000100000000)
  region size 1024K, 3 young (3072K), 3 survivors (3072K)
 Metaspace       used 12308K, capacity 12341K, committed 12544K, reserved 1060864K
  class space    used 1157K, capacity 1174K, committed 1280K, reserved 1048576K
}
Event: 1.158 GC heap before
{Heap before GC invocations=1 (full 0):
 garbage-first heap   total 98304K, used 42636K [0x00000000a1e00000, 0x0000000100000000)
  region size 1024K, 40 young (40960K), 3 survivors (3072K)
 Metaspace       used 20964K, capacity 21147K, committed 21248K, reserved 1069056K
  class space    used 2215K, capacity 2278K, committed 2304K, reserved 1048576K
}
Event: 1.175 GC heap after
{Heap after GC invocations=2 (full 0):
 garbage-first heap   total 98304K, used 9721K [0x00000000a1e00000, 0x0000000100000000)
  region size 1024K, 7 young (7168K), 7 survivors (7168K)
 Metaspace       used 20964K, capacity 21147K, committed 21248K, reserved 1069056K
  class space    used 2215K, capacity 2278K, committed 2304K, reserved 1048576K
}
Event: 1.968 GC heap before
{Heap before GC invocations=3 (full 0):
 garbage-first heap   total 98304K, used 66041K [0x00000000a1e00000, 0x0000000100000000)
  region size 1024K, 50 young (51200K), 7 survivors (7168K)
 Metaspace       used 30873K, capacity 31334K, committed 31488K, reserved 1077248K
  class space    used 3808K, capacity 3983K, committed 4096K, reserved 1048576K
}
Event: 1.989 GC heap after
{Heap after GC invocations=4 (full 0):
 garbage-first heap   total 98304K, used 23103K [0x00000000a1e00000, 0x0000000100000000)
  region size 1024K, 6 young (6144K), 6 survivors (6144K)
 Metaspace       used 30873K, capacity 31334K, committed 31488K, reserved 1077248K
  class space    used 3808K, capacity 3983K, committed 4096K, reserved 1048576K
}
Event: 2.271 GC heap before
{Heap before GC invocations=4 (full 0):
 garbage-first heap   total 98304K, used 41535K [0x00000000a1e00000, 0x0000000100000000)
  region size 1024K, 25 young (25600K), 6 survivors (6144K)
 Metaspace       used 35042K, capacity 35446K, committed 35584K, reserved 1081344K
  class space    used 4328K, capacity 4501K, committed 4608K, reserved 1048576K
}
Event: 2.288 GC heap after
{Heap after GC invocations=5 (full 0):
 garbage-first heap   total 98304K, used 24426K [0x00000000a1e00000, 0x0000000100000000)
  region size 1024K, 2 young (2048K), 2 survivors (2048K)
 Metaspace       used 35042K, capacity 35446K, committed 35584K, reserved 1081344K
  class space    used 4328K, capacity 4501K, committed 4608K, reserved 1048576K
}

