# JRE version: OpenJDK Runtime Environment (11.0.10) (build 11.0.10+0-b96-7249189)
# Java VM: OpenJDK 64-Bit Server VM (11.0.10+0-b96-7249189, mixed mode, tiered, compressed oops, g1 gc, windows-amd64)
Heap:
 garbage-first heap   total 118784K, used 92828K [0x00000000a0000000, 0x0000000100000000)
  region size 1024K, 25 young (25600K), 3 survivors (3072K)
 Metaspace       used 74899K, capacity 77261K, committed 77440K, reserved 1116160K
  class space    used 9721K, capacity 10551K, committed 10624K, reserved 1048576K
GC Heap History (20 events):
Event: 13.711 GC heap before
{Heap before GC invocations=23 (full 0):
 garbage-first heap   total 98304K, used 76015K [0x00000000a0000000, 0x0000000100000000)
  region size 1024K, 23 young (23552K), 2 survivors (2048K)
 Metaspace       used 65950K, capacity 67493K, committed 67840K, reserved 1107968K
  class space    used 8319K, capacity 8861K, committed 8960K, reserved 1048576K
}
Event: 13.715 GC heap after
{Heap after GC invocations=24 (full 0):
 garbage-first heap   total 98304K, used 56341K [0x00000000a0000000, 0x0000000100000000)
  region size 1024K, 3 young (3072K), 3 survivors (3072K)
 Metaspace       used 65950K, capacity 67493K, committed 67840K, reserved 1107968K
  class space    used 8319K, capacity 8861K, committed 8960K, reserved 1048576K
}
Event: 14.038 GC heap before
{Heap before GC invocations=24 (full 0):
 garbage-first heap   total 98304K, used 76821K [0x00000000a0000000, 0x0000000100000000)
  region size 1024K, 23 young (23552K), 3 survivors (3072K)
 Metaspace       used 66446K, capacity 68126K, committed 68480K, reserved 1107968K
  class space    used 8380K, capacity 8981K, committed 9088K, reserved 1048576K
}
Event: 14.045 GC heap after
{Heap after GC invocations=25 (full 0):
 garbage-first heap   total 98304K, used 58380K [0x00000000a0000000, 0x0000000100000000)
  region size 1024K, 3 young (3072K), 3 survivors (3072K)
 Metaspace       used 66446K, capacity 68126K, committed 68480K, reserved 1107968K
  class space    used 8380K, capacity 8981K, committed 9088K, reserved 1048576K
}
Event: 14.268 GC heap before
{Heap before GC invocations=26 (full 0):
 garbage-first heap   total 98304K, used 78860K [0x00000000a0000000, 0x0000000100000000)
  region size 1024K, 23 young (23552K), 3 survivors (3072K)
 Metaspace       used 66803K, capacity 68612K, committed 68736K, reserved 1110016K
  class space    used 8436K, capacity 9035K, committed 9088K, reserved 1048576K
}
Event: 14.272 GC heap after
{Heap after GC invocations=27 (full 0):
 garbage-first heap   total 98304K, used 59571K [0x00000000a0000000, 0x0000000100000000)
  region size 1024K, 2 young (2048K), 2 survivors (2048K)
 Metaspace       used 66803K, capacity 68612K, committed 68736K, reserved 1110016K
  class space    used 8436K, capacity 9035K, committed 9088K, reserved 1048576K
}
Event: 14.437 GC heap before
{Heap before GC invocations=27 (full 0):
 garbage-first heap   total 98304K, used 80051K [0x00000000a0000000, 0x0000000100000000)
  region size 1024K, 22 young (22528K), 2 survivors (2048K)
 Metaspace       used 67011K, capacity 68940K, committed 68992K, reserved 1110016K
  class space    used 8472K, capacity 9061K, committed 9088K, reserved 1048576K
}
Event: 14.441 GC heap after
{Heap after GC invocations=28 (full 0):
 garbage-first heap   total 98304K, used 61440K [0x00000000a0000000, 0x0000000100000000)
  region size 1024K, 3 young (3072K), 3 survivors (3072K)
 Metaspace       used 67011K, capacity 68940K, committed 68992K, reserved 1110016K
  class space    used 8472K, capacity 9061K, committed 9088K, reserved 1048576K
}
Event: 14.708 GC heap before
{Heap before GC invocations=29 (full 0):
 garbage-first heap   total 98304K, used 80896K [0x00000000a0000000, 0x0000000100000000)
  region size 1024K, 22 young (22528K), 3 survivors (3072K)
 Metaspace       used 68133K, capacity 70024K, committed 70272K, reserved 1110016K
  class space    used 8611K, capacity 9231K, committed 9344K, reserved 1048576K
}
Event: 14.712 GC heap after
{Heap after GC invocations=30 (full 0):
 garbage-first heap   total 98304K, used 63356K [0x00000000a0000000, 0x0000000100000000)
  region size 1024K, 2 young (2048K), 2 survivors (2048K)
 Metaspace       used 68133K, capacity 70024K, committed 70272K, reserved 1110016K
  class space    used 8611K, capacity 9231K, committed 9344K, reserved 1048576K
}
Event: 15.133 GC heap before
{Heap before GC invocations=30 (full 0):
 garbage-first heap   total 98304K, used 81788K [0x00000000a0000000, 0x0000000100000000)
  region size 1024K, 20 young (20480K), 2 survivors (2048K)
 Metaspace       used 70464K, capacity 72283K, committed 72448K, reserved 1112064K
  class space    used 9033K, capacity 9664K, committed 9728K, reserved 1048576K
}
Event: 15.136 GC heap after
{Heap after GC invocations=31 (full 0):
 garbage-first heap   total 98304K, used 64271K [0x00000000a0000000, 0x0000000100000000)
  region size 1024K, 1 young (1024K), 1 survivors (1024K)
 Metaspace       used 70464K, capacity 72283K, committed 72448K, reserved 1112064K
  class space    used 9033K, capacity 9664K, committed 9728K, reserved 1048576K
}
Event: 15.590 GC heap before
{Heap before GC invocations=32 (full 0):
 garbage-first heap   total 98304K, used 81679K [0x00000000a0000000, 0x0000000100000000)
  region size 1024K, 18 young (18432K), 1 survivors (1024K)
 Metaspace       used 72015K, capacity 74070K, committed 74240K, reserved 1114112K
  class space    used 9289K, capacity 9960K, committed 9984K, reserved 1048576K
}
Event: 15.593 GC heap after
{Heap after GC invocations=33 (full 0):
 garbage-first heap   total 98304K, used 65345K [0x00000000a0000000, 0x0000000100000000)
  region size 1024K, 2 young (2048K), 2 survivors (2048K)
 Metaspace       used 72015K, capacity 74070K, committed 74240K, reserved 1114112K
  class space    used 9289K, capacity 9960K, committed 9984K, reserved 1048576K
}
Event: 15.815 GC heap before
{Heap before GC invocations=33 (full 0):
 garbage-first heap   total 98304K, used 82753K [0x00000000a0000000, 0x0000000100000000)
  region size 1024K, 19 young (19456K), 2 survivors (2048K)
 Metaspace       used 72658K, capacity 74722K, committed 74880K, reserved 1114112K
  class space    used 9381K, capacity 10068K, committed 10112K, reserved 1048576K
}
Event: 15.823 GC heap after
{Heap after GC invocations=34 (full 0):
 garbage-first heap   total 118784K, used 66787K [0x00000000a0000000, 0x0000000100000000)
  region size 1024K, 3 young (3072K), 3 survivors (3072K)
 Metaspace       used 72658K, capacity 74722K, committed 74880K, reserved 1114112K
  class space    used 9381K, capacity 10068K, committed 10112K, reserved 1048576K
}
Event: 16.183 GC heap before
{Heap before GC invocations=35 (full 0):
 garbage-first heap   total 118784K, used 90339K [0x00000000a0000000, 0x0000000100000000)
  region size 1024K, 26 young (26624K), 3 survivors (3072K)
 Metaspace       used 73503K, capacity 75624K, committed 75904K, reserved 1114112K
  class space    used 9546K, capacity 10305K, committed 10368K, reserved 1048576K
}
Event: 16.188 GC heap after
{Heap after GC invocations=36 (full 0):
 garbage-first heap   total 118784K, used 69103K [0x00000000a0000000, 0x0000000100000000)
  region size 1024K, 4 young (4096K), 4 survivors (4096K)
 Metaspace       used 73503K, capacity 75624K, committed 75904K, reserved 1114112K
  class space    used 9546K, capacity 10305K, committed 10368K, reserved 1048576K
}
Event: 16.466 GC heap before
{Heap before GC invocations=36 (full 0):
 garbage-first heap   total 118784K, used 91631K [0x00000000a0000000, 0x0000000100000000)
  region size 1024K, 26 young (26624K), 4 survivors (4096K)
 Metaspace       used 74145K, capacity 76315K, committed 76544K, reserved 1116160K
  class space    used 9640K, capacity 10420K, committed 10496K, reserved 1048576K
}
Event: 16.473 GC heap after
{Heap after GC invocations=37 (full 0):
 garbage-first heap   total 118784K, used 71324K [0x00000000a0000000, 0x0000000100000000)
  region size 1024K, 3 young (3072K), 3 survivors (3072K)
 Metaspace       used 74145K, capacity 76315K, committed 76544K, reserved 1116160K
  class space    used 9640K, capacity 10420K, committed 10496K, reserved 1048576K
}

